<?xml version="1.0" encoding="UTF-8"?>
<!-- Generated by org.testng.reporters.JUnitXMLReporter -->
<testsuite hostname="MacBook-Pro-Serhii.local" ignored="0" tests="5" failures="0" timestamp="2018-10-12T23:11:24 EEST" time="52.566" errors="0">
  <testcase name="testUndoWithMessagesDeletion" time="30.541" classname="GMailTest"/>
  <testcase name="testUndoWithMessagesDeletion" time="32.451" classname="GMailTest"/>
  <testcase name="testUndoWithMessagesDeletion" time="33.136" classname="GMailTest"/>
  <testcase name="testUndoWithMessagesDeletion" time="20.226" classname="GMailTest"/>
  <testcase name="testUndoWithMessagesDeletion" time="19.783" classname="GMailTest"/>
</testsuite>
