<?xml version="1.0" encoding="UTF-8"?>
<testng-results skipped="0" failed="1" ignored="0" total="6" passed="5">
  <reporter-output>
    <line>
      <![CDATA[Tests from GMail Success Test class was started]]>
    </line>
    <line>
      <![CDATA[Test testUndoWithMessagesDeletion was successfully started]]>
    </line>
    <line>
      <![CDATA[Tests from GMail Success Test class was started]]>
    </line>
    <line>
      <![CDATA[Test testUndoWithMessagesDeletion was successfully started]]>
    </line>
    <line>
      <![CDATA[Tests from GMail Success Test class was started]]>
    </line>
    <line>
      <![CDATA[Test testUndoWithMessagesDeletion was successfully started]]>
    </line>
    <line>
      <![CDATA[=> Authorization...]]>
    </line>
    <line>
      <![CDATA[===> Entering email...]]>
    </line>
    <line>
      <![CDATA[=> Authorization...]]>
    </line>
    <line>
      <![CDATA[===> Entering email...]]>
    </line>
    <line>
      <![CDATA[=> Authorization...]]>
    </line>
    <line>
      <![CDATA[===> Entering email...]]>
    </line>
    <line>
      <![CDATA[===> Submitting email...]]>
    </line>
    <line>
      <![CDATA[===> Submitting email...]]>
    </line>
    <line>
      <![CDATA[===> Submitting email...]]>
    </line>
    <line>
      <![CDATA[===> Entering password...]]>
    </line>
    <line>
      <![CDATA[===> Entering password...]]>
    </line>
    <line>
      <![CDATA[===> Entering password...]]>
    </line>
    <line>
      <![CDATA[=> Selecting messages to delete...]]>
    </line>
    <line>
      <![CDATA[=> Selecting messages to delete...]]>
    </line>
    <line>
      <![CDATA[=> Message selected]]>
    </line>
    <line>
      <![CDATA[=> Message selected]]>
    </line>
    <line>
      <![CDATA[=> Selecting messages to delete...]]>
    </line>
    <line>
      <![CDATA[=> Message selected]]>
    </line>
    <line>
      <![CDATA[=> Deleting messages...]]>
    </line>
    <line>
      <![CDATA[=> Message selected]]>
    </line>
    <line>
      <![CDATA[=> Undo deleting...]]>
    </line>
    <line>
      <![CDATA[=> Message selected]]>
    </line>
    <line>
      <![CDATA[=> Message selected]]>
    </line>
    <line>
      <![CDATA[=> Message selected]]>
    </line>
    <line>
      <![CDATA[=> Message selected]]>
    </line>
    <line>
      <![CDATA[=> Deleting messages...]]>
    </line>
    <line>
      <![CDATA[=> Message selected]]>
    </line>
    <line>
      <![CDATA[===> Checking undo operation result...]]>
    </line>
    <line>
      <![CDATA[=> Deleting messages...]]>
    </line>
    <line>
      <![CDATA[=> Undo deleting...]]>
    </line>
    <line>
      <![CDATA[=> Undo deleting...]]>
    </line>
    <line>
      <![CDATA[===> Checking undo operation result...]]>
    </line>
    <line>
      <![CDATA[===> Checking undo operation result...]]>
    </line>
    <line>
      <![CDATA[Completed]]>
    </line>
    <line>
      <![CDATA[Test testUndoWithMessagesDeletion finished successfully]]>
    </line>
    <line>
      <![CDATA[Test testUndoWithMessagesDeletion was successfully started]]>
    </line>
    <line>
      <![CDATA[Completed]]>
    </line>
    <line>
      <![CDATA[Test testUndoWithMessagesDeletion finished successfully]]>
    </line>
    <line>
      <![CDATA[Test testUndoWithMessagesDeletion was successfully started]]>
    </line>
    <line>
      <![CDATA[Completed]]>
    </line>
    <line>
      <![CDATA[Test testUndoWithMessagesDeletion finished successfully]]>
    </line>
    <line>
      <![CDATA[=> Authorization...]]>
    </line>
    <line>
      <![CDATA[===> Entering email...]]>
    </line>
    <line>
      <![CDATA[===> Submitting email...]]>
    </line>
    <line>
      <![CDATA[===> Entering password...]]>
    </line>
    <line>
      <![CDATA[=> Authorization...]]>
    </line>
    <line>
      <![CDATA[===> Entering email...]]>
    </line>
    <line>
      <![CDATA[===> Submitting email...]]>
    </line>
    <line>
      <![CDATA[===> Entering password...]]>
    </line>
    <line>
      <![CDATA[=> Selecting messages to delete...]]>
    </line>
    <line>
      <![CDATA[=> Selecting messages to delete...]]>
    </line>
    <line>
      <![CDATA[=> Message selected]]>
    </line>
    <line>
      <![CDATA[=> Deleting messages...]]>
    </line>
    <line>
      <![CDATA[=> Undo deleting...]]>
    </line>
    <line>
      <![CDATA[=> Message selected]]>
    </line>
    <line>
      <![CDATA[===> Checking undo operation result...]]>
    </line>
    <line>
      <![CDATA[=> Message selected]]>
    </line>
    <line>
      <![CDATA[=> Message selected]]>
    </line>
    <line>
      <![CDATA[=> Deleting messages...]]>
    </line>
    <line>
      <![CDATA[=> Undo deleting...]]>
    </line>
    <line>
      <![CDATA[===> Checking undo operation result...]]>
    </line>
    <line>
      <![CDATA[Completed]]>
    </line>
    <line>
      <![CDATA[Test testUndoWithMessagesDeletion finished successfully]]>
    </line>
    <line>
      <![CDATA[Completed]]>
    </line>
    <line>
      <![CDATA[Test testUndoWithMessagesDeletion finished successfully]]>
    </line>
    <line>
      <![CDATA[Tests from GMail Success Test class was started]]>
    </line>
    <line>
      <![CDATA[Tests from GMail Success Test class was finished]]>
    </line>
    <line>
      <![CDATA[Tests from Failed Test class was started]]>
    </line>
    <line>
      <![CDATA[Test failTest was successfully started]]>
    </line>
    <line>
      <![CDATA[Test failTest was failed]]>
    </line>
  </reporter-output>
  <suite name="TestNG suite" duration-ms="52761" started-at="2018-10-12T23:10:31 EEST" finished-at="2018-10-12T23:11:24 EEST">
    <groups>
    </groups>
    <test name="GMail Success Test" duration-ms="52566" started-at="2018-10-12T23:10:31 EEST" finished-at="2018-10-12T23:11:23 EEST">
      <class name="GMailTest">
        <test-method status="PASS" signature="testUndoWithMessagesDeletion(com.epam.lab.utils.parser.XML_models.User)[pri:0, instance:GMailTest@76b0bfab]" name="testUndoWithMessagesDeletion" duration-ms="32451" started-at="2018-10-12T23:10:31 EEST" data-provider="csvDataProvider" finished-at="2018-10-12T23:11:03 EEST">
          <params>
            <param index="0">
              <value>
                <![CDATA[com.epam.lab.utils.parser.XML_models.User@149943f4]]>
              </value>
            </param>
          </params>
          <reporter-output>
            <line>
              <![CDATA[Test testUndoWithMessagesDeletion was successfully started]]>
            </line>
            <line>
              <![CDATA[=> Authorization...]]>
            </line>
            <line>
              <![CDATA[===> Entering email...]]>
            </line>
            <line>
              <![CDATA[===> Submitting email...]]>
            </line>
            <line>
              <![CDATA[===> Entering password...]]>
            </line>
            <line>
              <![CDATA[=> Selecting messages to delete...]]>
            </line>
            <line>
              <![CDATA[=> Message selected]]>
            </line>
            <line>
              <![CDATA[=> Message selected]]>
            </line>
            <line>
              <![CDATA[=> Message selected]]>
            </line>
            <line>
              <![CDATA[=> Deleting messages...]]>
            </line>
            <line>
              <![CDATA[=> Undo deleting...]]>
            </line>
            <line>
              <![CDATA[===> Checking undo operation result...]]>
            </line>
            <line>
              <![CDATA[Completed]]>
            </line>
            <line>
              <![CDATA[Test testUndoWithMessagesDeletion finished successfully]]>
            </line>
          </reporter-output>
        </test-method> <!-- testUndoWithMessagesDeletion -->
        <test-method status="PASS" signature="testUndoWithMessagesDeletion(com.epam.lab.utils.parser.XML_models.User)[pri:0, instance:GMailTest@76b0bfab]" name="testUndoWithMessagesDeletion" duration-ms="33136" started-at="2018-10-12T23:10:31 EEST" data-provider="csvDataProvider" finished-at="2018-10-12T23:11:04 EEST">
          <params>
            <param index="0">
              <value>
                <![CDATA[com.epam.lab.utils.parser.XML_models.User@4fbe7ebf]]>
              </value>
            </param>
          </params>
          <reporter-output>
            <line>
              <![CDATA[Test testUndoWithMessagesDeletion was successfully started]]>
            </line>
            <line>
              <![CDATA[=> Authorization...]]>
            </line>
            <line>
              <![CDATA[===> Entering email...]]>
            </line>
            <line>
              <![CDATA[===> Submitting email...]]>
            </line>
            <line>
              <![CDATA[===> Entering password...]]>
            </line>
            <line>
              <![CDATA[=> Selecting messages to delete...]]>
            </line>
            <line>
              <![CDATA[=> Message selected]]>
            </line>
            <line>
              <![CDATA[=> Message selected]]>
            </line>
            <line>
              <![CDATA[=> Message selected]]>
            </line>
            <line>
              <![CDATA[=> Deleting messages...]]>
            </line>
            <line>
              <![CDATA[=> Undo deleting...]]>
            </line>
            <line>
              <![CDATA[===> Checking undo operation result...]]>
            </line>
            <line>
              <![CDATA[Completed]]>
            </line>
            <line>
              <![CDATA[Test testUndoWithMessagesDeletion finished successfully]]>
            </line>
          </reporter-output>
        </test-method> <!-- testUndoWithMessagesDeletion -->
        <test-method status="PASS" signature="testUndoWithMessagesDeletion(com.epam.lab.utils.parser.XML_models.User)[pri:0, instance:GMailTest@76b0bfab]" name="testUndoWithMessagesDeletion" duration-ms="30541" started-at="2018-10-12T23:10:31 EEST" data-provider="csvDataProvider" finished-at="2018-10-12T23:11:01 EEST">
          <params>
            <param index="0">
              <value>
                <![CDATA[com.epam.lab.utils.parser.XML_models.User@2d8bf6cd]]>
              </value>
            </param>
          </params>
          <reporter-output>
            <line>
              <![CDATA[Test testUndoWithMessagesDeletion was successfully started]]>
            </line>
            <line>
              <![CDATA[=> Authorization...]]>
            </line>
            <line>
              <![CDATA[===> Entering email...]]>
            </line>
            <line>
              <![CDATA[===> Submitting email...]]>
            </line>
            <line>
              <![CDATA[===> Entering password...]]>
            </line>
            <line>
              <![CDATA[=> Selecting messages to delete...]]>
            </line>
            <line>
              <![CDATA[=> Message selected]]>
            </line>
            <line>
              <![CDATA[=> Message selected]]>
            </line>
            <line>
              <![CDATA[=> Message selected]]>
            </line>
            <line>
              <![CDATA[=> Deleting messages...]]>
            </line>
            <line>
              <![CDATA[=> Undo deleting...]]>
            </line>
            <line>
              <![CDATA[===> Checking undo operation result...]]>
            </line>
            <line>
              <![CDATA[Completed]]>
            </line>
            <line>
              <![CDATA[Test testUndoWithMessagesDeletion finished successfully]]>
            </line>
          </reporter-output>
        </test-method> <!-- testUndoWithMessagesDeletion -->
        <test-method status="PASS" signature="exit()[pri:0, instance:GMailTest@76b0bfab]" name="exit" is-config="true" duration-ms="128" started-at="2018-10-12T23:11:01 EEST" finished-at="2018-10-12T23:11:02 EEST">
          <reporter-output>
          </reporter-output>
        </test-method> <!-- exit -->
        <test-method status="PASS" signature="testUndoWithMessagesDeletion(com.epam.lab.utils.parser.XML_models.User)[pri:0, instance:GMailTest@76b0bfab]" name="testUndoWithMessagesDeletion" duration-ms="20226" started-at="2018-10-12T23:11:02 EEST" data-provider="csvDataProvider" finished-at="2018-10-12T23:11:22 EEST">
          <params>
            <param index="0">
              <value>
                <![CDATA[com.epam.lab.utils.parser.XML_models.User@2cc340da]]>
              </value>
            </param>
          </params>
          <reporter-output>
            <line>
              <![CDATA[Test testUndoWithMessagesDeletion was successfully started]]>
            </line>
            <line>
              <![CDATA[=> Authorization...]]>
            </line>
            <line>
              <![CDATA[===> Entering email...]]>
            </line>
            <line>
              <![CDATA[===> Submitting email...]]>
            </line>
            <line>
              <![CDATA[===> Entering password...]]>
            </line>
            <line>
              <![CDATA[=> Selecting messages to delete...]]>
            </line>
            <line>
              <![CDATA[=> Message selected]]>
            </line>
            <line>
              <![CDATA[=> Deleting messages...]]>
            </line>
            <line>
              <![CDATA[=> Undo deleting...]]>
            </line>
            <line>
              <![CDATA[===> Checking undo operation result...]]>
            </line>
            <line>
              <![CDATA[Completed]]>
            </line>
            <line>
              <![CDATA[Test testUndoWithMessagesDeletion finished successfully]]>
            </line>
          </reporter-output>
        </test-method> <!-- testUndoWithMessagesDeletion -->
        <test-method status="PASS" signature="exit()[pri:0, instance:GMailTest@76b0bfab]" name="exit" is-config="true" duration-ms="141" started-at="2018-10-12T23:11:03 EEST" finished-at="2018-10-12T23:11:03 EEST">
          <reporter-output>
          </reporter-output>
        </test-method> <!-- exit -->
        <test-method status="PASS" signature="testUndoWithMessagesDeletion(com.epam.lab.utils.parser.XML_models.User)[pri:0, instance:GMailTest@76b0bfab]" name="testUndoWithMessagesDeletion" duration-ms="19783" started-at="2018-10-12T23:11:03 EEST" data-provider="csvDataProvider" finished-at="2018-10-12T23:11:23 EEST">
          <params>
            <param index="0">
              <value>
                <![CDATA[com.epam.lab.utils.parser.XML_models.User@647849b5]]>
              </value>
            </param>
          </params>
          <reporter-output>
            <line>
              <![CDATA[Test testUndoWithMessagesDeletion was successfully started]]>
            </line>
            <line>
              <![CDATA[=> Authorization...]]>
            </line>
            <line>
              <![CDATA[===> Entering email...]]>
            </line>
            <line>
              <![CDATA[===> Submitting email...]]>
            </line>
            <line>
              <![CDATA[===> Entering password...]]>
            </line>
            <line>
              <![CDATA[=> Selecting messages to delete...]]>
            </line>
            <line>
              <![CDATA[=> Message selected]]>
            </line>
            <line>
              <![CDATA[=> Message selected]]>
            </line>
            <line>
              <![CDATA[=> Message selected]]>
            </line>
            <line>
              <![CDATA[=> Deleting messages...]]>
            </line>
            <line>
              <![CDATA[=> Undo deleting...]]>
            </line>
            <line>
              <![CDATA[===> Checking undo operation result...]]>
            </line>
            <line>
              <![CDATA[Completed]]>
            </line>
            <line>
              <![CDATA[Test testUndoWithMessagesDeletion finished successfully]]>
            </line>
          </reporter-output>
        </test-method> <!-- testUndoWithMessagesDeletion -->
        <test-method status="PASS" signature="exit()[pri:0, instance:GMailTest@76b0bfab]" name="exit" is-config="true" duration-ms="113" started-at="2018-10-12T23:11:04 EEST" finished-at="2018-10-12T23:11:04 EEST">
          <reporter-output>
          </reporter-output>
        </test-method> <!-- exit -->
        <test-method status="PASS" signature="exit()[pri:0, instance:GMailTest@76b0bfab]" name="exit" is-config="true" duration-ms="105" started-at="2018-10-12T23:11:22 EEST" finished-at="2018-10-12T23:11:22 EEST">
          <reporter-output>
          </reporter-output>
        </test-method> <!-- exit -->
        <test-method status="PASS" signature="exit()[pri:0, instance:GMailTest@76b0bfab]" name="exit" is-config="true" duration-ms="107" started-at="2018-10-12T23:11:23 EEST" finished-at="2018-10-12T23:11:23 EEST">
          <reporter-output>
          </reporter-output>
        </test-method> <!-- exit -->
      </class> <!-- GMailTest -->
    </test> <!-- GMail Success Test -->
    <test name="Failed Test" duration-ms="10" started-at="2018-10-12T23:11:24 EEST" finished-at="2018-10-12T23:11:24 EEST">
      <class name="FailedTest">
        <test-method status="FAIL" signature="failTest()[pri:0, instance:FailedTest@1d8d30f7]" name="failTest" duration-ms="1" started-at="2018-10-12T23:11:24 EEST" finished-at="2018-10-12T23:11:24 EEST">
          <exception class="java.lang.AssertionError">
            <message>
              <![CDATA[did not expect to find [java.lang.Object@184f1538] but found [java.lang.Object@39e007b]]]>
            </message>
            <full-stacktrace>
              <![CDATA[java.lang.AssertionError: did not expect to find [java.lang.Object@184f1538] but found [java.lang.Object@39e007b]
at org.testng.Assert.fail(Assert.java:97)
at org.testng.Assert.failNotEquals(Assert.java:969)
at org.testng.Assert.assertEqualsImpl(Assert.java:136)
at org.testng.Assert.assertEquals(Assert.java:118)
at org.testng.Assert.assertEquals(Assert.java:563)
at FailedTest.failTest(FailedTest.java:7)
at sun.reflect.NativeMethodAccessorImpl.invoke0(Native Method)
at sun.reflect.NativeMethodAccessorImpl.invoke(NativeMethodAccessorImpl.java:62)
at sun.reflect.DelegatingMethodAccessorImpl.invoke(DelegatingMethodAccessorImpl.java:43)
at java.lang.reflect.Method.invoke(Method.java:498)
at org.testng.internal.MethodInvocationHelper.invokeMethod(MethodInvocationHelper.java:131)
at org.testng.internal.Invoker.invokeMethod(Invoker.java:658)
at org.testng.internal.Invoker.invokeTestMethod(Invoker.java:792)
at org.testng.internal.Invoker.invokeTestMethods(Invoker.java:1103)
at org.testng.internal.TestMethodWorker.invokeTestMethods(TestMethodWorker.java:140)
at org.testng.internal.TestMethodWorker.run(TestMethodWorker.java:122)
at java.util.concurrent.ThreadPoolExecutor.runWorker(ThreadPoolExecutor.java:1149)
at java.util.concurrent.ThreadPoolExecutor$Worker.run(ThreadPoolExecutor.java:624)
at java.lang.Thread.run(Thread.java:748)
]]>
            </full-stacktrace>
          </exception> <!-- java.lang.AssertionError -->
          <reporter-output>
            <line>
              <![CDATA[Test failTest was successfully started]]>
            </line>
            <line>
              <![CDATA[Test failTest was failed]]>
            </line>
          </reporter-output>
        </test-method> <!-- failTest -->
      </class> <!-- FailedTest -->
    </test> <!-- Failed Test -->
  </suite> <!-- TestNG suite -->
</testng-results>
